<?xml version="1.0" encoding="UTF-8"?>
<testng-results skipped="0" failed="0" ignored="0" total="1" passed="1">
  <reporter-output>
  </reporter-output>
  <suite name="Default suite" duration-ms="14338" started-at="2024-03-09T21:34:36 IST" finished-at="2024-03-09T21:34:51 IST">
    <groups>
    </groups>
    <test name="Default test" duration-ms="14338" started-at="2024-03-09T21:34:36 IST" finished-at="2024-03-09T21:34:51 IST">
      <class name="com.automation.codingchallange.RedBusCalanderChallange">
        <test-method status="PASS" signature="testRedBusCalender()[pri:0, instance:com.automation.codingchallange.RedBusCalanderChallange@1b68ddbd]" name="testRedBusCalender" duration-ms="13732" started-at="2024-03-09T21:34:36 IST" finished-at="2024-03-09T21:34:50 IST">
          <reporter-output>
          </reporter-output>
        </test-method> <!-- testRedBusCalender -->
        <test-method status="PASS" signature="closeTheWindow()[pri:0, instance:com.automation.codingchallange.RedBusCalanderChallange@1b68ddbd]" name="closeTheWindow" is-config="true" duration-ms="537" started-at="2024-03-09T21:34:50 IST" finished-at="2024-03-09T21:34:51 IST">
          <reporter-output>
          </reporter-output>
        </test-method> <!-- closeTheWindow -->
      </class> <!-- com.automation.codingchallange.RedBusCalanderChallange -->
    </test> <!-- Default test -->
  </suite> <!-- Default suite -->
</testng-results>
